
<testsuite name='test.uk.co.strangeskies.modabi.core.test' tests='6' time='3.34' failures='0' skipped='0' target='reference:file:/home/eli/workspaces/uk.co.strangeskies.modabi/uk.co.strangeskies.modabi.core.test/generated/uk.co.strangeskies.modabi.core.test.jar' timestamp='2015-10-26T19:33:11' hostname='eli-desktop' framework='org.eclipse.osgi_3.10.100.v20150529-1857 [0]' errors='3' framework-version='3.10.100.v20150529-1857'>
  <properties>
    <property name='launch.activators' value='osgi.enroute.equinox.log.adapter.HideEquinoxLog'/>
    <property name='java.runtime.name' value='Java(TM) SE Runtime Environment'/>
    <property name='launch.embedded' value='false'/>
    <property name='sun.boot.library.path' value='/usr/lib/jvm/java-8-oracle/jre/lib/amd64'/>
    <property name='java.vm.version' value='25.60-b23'/>
    <property name='java.vm.vendor' value='Oracle Corporation'/>
    <property name='java.vendor.url' value='http://java.oracle.com/'/>
    <property name='path.separator' value=':'/>
    <property name='java.vm.name' value='Java HotSpot(TM) 64-Bit Server VM'/>
    <property name='file.encoding.pkg' value='sun.io'/>
    <property name='launch.timeout' value='0'/>
    <property name='user.country' value='GB'/>
    <property name='sun.java.launcher' value='SUN_STANDARD'/>
    <property name='sun.os.patch.level' value='unknown'/>
    <property name='launch.keep' value='false'/>
    <property name='org.apache.felix.http.jettyEnabled' value='true'/>
    <property name='java.vm.specification.name' value='Java Virtual Machine Specification'/>
    <property name='user.dir' value='/home/eli/workspaces/uk.co.strangeskies.modabi/uk.co.strangeskies.modabi.core.test'/>
    <property name='launch.bundles' value='/home/eli/.bnd/cache/https%3A%2F%2Fraw.githubusercontent.com%2Fosgi%2Fosgi.enroute%2Fmaster%2Fcnf%2Fdistro%2Fbiz.aQute.tester/biz.aQute.tester-3.0.0.jar,/home/eli/.bnd/shacache/shas/53200A9D80FFF3106DC435DE1350CDD20B757819/net.minidev.json-smart-2.2.0.jar,/home/eli/.bnd/cache/https%3A%2F%2Fraw.githubusercontent.com%2Fosgi%2Fosgi.enroute%2Fmaster%2Fcnf%2Fdistro%2Forg.apache.felix.configadmin/org.apache.felix.configadmin-1.8.6.jar,/home/eli/.bnd/cache/https%3A%2F%2Fraw.githubusercontent.com%2Fosgi%2Fosgi.enroute%2Fmaster%2Fcnf%2Fdistro%2Forg.apache.felix.gogo.command/org.apache.felix.gogo.command-0.14.0.jar,/home/eli/.bnd/cache/https%3A%2F%2Fraw.githubusercontent.com%2Fosgi%2Fosgi.enroute%2Fmaster%2Fcnf%2Fdistro%2Forg.apache.felix.gogo.runtime/org.apache.felix.gogo.runtime-0.16.2.jar,/home/eli/.bnd/cache/https%3A%2F%2Fraw.githubusercontent.com%2Fosgi%2Fosgi.enroute%2Fmaster%2Fcnf%2Fdistro%2Forg.apache.felix.gogo.shell/org.apache.felix.gogo.shell-0.10.0.jar,/home/eli/.bnd/cache/https%3A%2F%2Fraw.githubusercontent.com%2Fosgi%2Fosgi.enroute%2Fmaster%2Fcnf%2Fdistro%2Forg.apache.felix.log/org.apache.felix.log-1.0.1.jar,/home/eli/.bnd/cache/https%3A%2F%2Fraw.githubusercontent.com%2Fosgi%2Fosgi.enroute%2Fmaster%2Fcnf%2Fdistro%2Forg.apache.felix.scr/org.apache.felix.scr-2.0.0.jar,/home/eli/.bnd/shacache/shas/3B100EE9FF904F0B63898D796FA47579D010D083/org.apache.servicemix.bundles.stax-utils-20070216.0.0.1.jar,/home/eli/.bnd/cache/https%3A%2F%2Fraw.githubusercontent.com%2Fosgi%2Fosgi.enroute%2Fmaster%2Fcnf%2Fdistro%2Forg.eclipse.equinox.metatype/org.eclipse.equinox.metatype-1.4.100.jar,/home/eli/.bnd/cache/https%3A%2F%2Fraw.githubusercontent.com%2Fosgi%2Fosgi.enroute%2Fmaster%2Fcnf%2Fdistro%2Forg.osgi.service.metatype/org.osgi.service.metatype-1.3.0.jar,/home/eli/.bnd/cache/https%3A%2F%2Fraw.githubusercontent.com%2Fosgi%2Fosgi.enroute%2Fmaster%2Fcnf%2Fdistro%2Fosgi.enroute.hamcrest.wrapper/osgi.enroute.hamcrest.wrapper-1.3.0.jar,/home/eli/.bnd/cache/https%3A%2F%2Fraw.githubusercontent.com%2Fosgi%2Fosgi.enroute%2Fmaster%2Fcnf%2Fdistro%2Fosgi.enroute.junit.wrapper/osgi.enroute.junit.wrapper-4.12.0.jar,/home/eli/.bnd/cache/https%3A%2F%2Fraw.githubusercontent.com%2Fosgi%2Fosgi.enroute%2Fmaster%2Fcnf%2Fdistro%2Fosgi.enroute.logger.simple.provider/osgi.enroute.logger.simple.provider-1.2.1.jar,/home/eli/workspaces/uk.co.strangeskies/cnf/release/uk.co.strangeskies.fx/uk.co.strangeskies.fx-1.0.0.jar,/home/eli/workspaces/uk.co.strangeskies/cnf/release/uk.co.strangeskies.mathematics/uk.co.strangeskies.mathematics-1.0.0.jar,/home/eli/workspaces/uk.co.strangeskies.modabi/uk.co.strangeskies.modabi.core.api/generated/uk.co.strangeskies.modabi.core.api.jar,/home/eli/workspaces/uk.co.strangeskies.modabi/uk.co.strangeskies.modabi.core.provider/generated/uk.co.strangeskies.modabi.core.provider.jar,/home/eli/workspaces/uk.co.strangeskies.modabi/uk.co.strangeskies.modabi.io.json.provider/generated/uk.co.strangeskies.modabi.io.json.provider.jar,/home/eli/workspaces/uk.co.strangeskies.modabi/uk.co.strangeskies.modabi.io.xml.provider/generated/uk.co.strangeskies.modabi.io.xml.provider.jar,/home/eli/workspaces/uk.co.strangeskies/cnf/release/uk.co.strangeskies.reflection/uk.co.strangeskies.reflection-1.0.0.jar,/home/eli/workspaces/uk.co.strangeskies/cnf/release/uk.co.strangeskies.utilities/uk.co.strangeskies.utilities-1.0.0.jar,/home/eli/workspaces/uk.co.strangeskies/cnf/release/uk.co.strangeskies.utilities.osgi.consolelog/uk.co.strangeskies.utilities.osgi.consolelog-1.0.0.jar,/home/eli/workspaces/uk.co.strangeskies.modabi/uk.co.strangeskies.modabi.core.test/generated/uk.co.strangeskies.modabi.core.test.jar'/>
    <property name='java.runtime.version' value='1.8.0_60-b27'/>
    <property name='osgi.console' value=''/>
    <property name='java.awt.graphicsenv' value='sun.awt.X11GraphicsEnvironment'/>
    <property name='java.endorsed.dirs' value='/usr/lib/jvm/java-8-oracle/jre/lib/endorsed'/>
    <property name='os.arch' value='amd64'/>
    <property name='org.osgi.service.http.port' value='8080'/>
    <property name='java.io.tmpdir' value='/tmp'/>
    <property name='line.separator' value='
'/>
    <property name='java.vm.specification.vendor' value='Oracle Corporation'/>
    <property name='os.name' value='Linux'/>
    <property name='launch.name' value='uk.co.strangeskies.modabi.core.test'/>
    <property name='osgi.console.enable.builtin' value='false'/>
    <property name='sun.jnu.encoding' value='UTF-8'/>
    <property name='org.apache.felix.http.whiteboardEnabled' value='true'/>
    <property name='java.library.path' value='/usr/java/packages/lib/amd64:/usr/lib64:/lib64:/lib:/usr/lib'/>
    <property name='launcher.properties' value='/home/eli/workspaces/uk.co.strangeskies.modabi/uk.co.strangeskies.modabi.core.test/generated/launch2670481808072659072.properties'/>
    <property name='java.specification.name' value='Java Platform API Specification'/>
    <property name='java.class.version' value='52.0'/>
    <property name='launch.storage.dir' value='/home/eli/workspaces/uk.co.strangeskies.modabi/uk.co.strangeskies.modabi.core.test/generated/fw'/>
    <property name='sun.management.compiler' value='HotSpot 64-Bit Tiered Compilers'/>
    <property name='launch.system.capabilities' value='osgi.native;osgi.native.osname:List&lt;String&gt;=Linux;osgi.native.osversion:Version="4.2.0.-16-generic";osgi.native.processor:List&lt;String&gt;="x86-64,amd64,em64t,x86_64"'/>
    <property name='os.version' value='4.2.0-16-generic'/>
    <property name='user.home' value='/home/eli'/>
    <property name='user.timezone' value='Europe/London'/>
    <property name='java.awt.printerjob' value='sun.print.PSPrinterJob'/>
    <property name='file.encoding' value='UTF-8'/>
    <property name='java.specification.version' value='1.8'/>
    <property name='java.class.path' value='/home/eli/.bnd/cache/https%3A%2F%2Fraw.githubusercontent.com%2Fosgi%2Fosgi.enroute%2Fmaster%2Fcnf%2Fdistro%2Fosgi.enroute.equinox.log.adapter/osgi.enroute.equinox.log.adapter-1.0.1.jar:/home/eli/.bnd/cache/https%3A%2F%2Fraw.githubusercontent.com%2Fosgi%2Fosgi.enroute%2Fmaster%2Fcnf%2Fdistro%2Forg.eclipse.osgi/org.eclipse.osgi-3.10.100.jar:/home/eli/workspaces/uk.co.strangeskies.modabi/cnf/cache/3.1.0/biz.aQute.launcher/biz.aQute.launcher-3.1.0.jar'/>
    <property name='user.name' value='eli'/>
    <property name='java.vm.specification.version' value='1.8'/>
    <property name='sun.java.command' value='aQute.launcher.Launcher'/>
    <property name='java.home' value='/usr/lib/jvm/java-8-oracle/jre'/>
    <property name='sun.arch.data.model' value='64'/>
    <property name='user.language' value='en'/>
    <property name='java.specification.vendor' value='Oracle Corporation'/>
    <property name='awt.toolkit' value='sun.awt.X11.XToolkit'/>
    <property name='java.vm.info' value='mixed mode'/>
    <property name='launch.services' value='true'/>
    <property name='launch.noreferences' value='false'/>
    <property name='java.version' value='1.8.0_60'/>
    <property name='launch.notificationPort' value='41148'/>
    <property name='java.ext.dirs' value='/usr/lib/jvm/java-8-oracle/jre/lib/ext:/usr/java/packages/lib/ext'/>
    <property name='sun.boot.class.path' value='/usr/lib/jvm/java-8-oracle/jre/lib/resources.jar:/usr/lib/jvm/java-8-oracle/jre/lib/rt.jar:/usr/lib/jvm/java-8-oracle/jre/lib/sunrsasign.jar:/usr/lib/jvm/java-8-oracle/jre/lib/jsse.jar:/usr/lib/jvm/java-8-oracle/jre/lib/jce.jar:/usr/lib/jvm/java-8-oracle/jre/lib/charsets.jar:/usr/lib/jvm/java-8-oracle/jre/lib/jfr.jar:/usr/lib/jvm/java-8-oracle/jre/classes'/>
    <property name='java.vendor' value='Oracle Corporation'/>
    <property name='file.separator' value='/'/>
    <property name='java.vendor.url.bug' value='http://bugreport.sun.com/bugreport/'/>
    <property name='sun.io.unicode.encoding' value='UnicodeLittle'/>
    <property name='sun.cpu.endian' value='little'/>
    <property name='launch.trace' value='false'/>
    <property name='launch.system.packages' value='javax.script,org.eclipse.core.runtime.adaptor;x-friends:="org.eclipse.core.runtime",org.eclipse.core.runtime.internal.adaptor;x-internal:=true,org.eclipse.equinox.log;version="1.0",org.eclipse.osgi.container;version="1.0",org.eclipse.osgi.container.builders;version="1.0",org.eclipse.osgi.container.namespaces;version="1.0",org.eclipse.osgi.framework.console;version="1.1",org.eclipse.osgi.framework.eventmgr;version="1.2",org.eclipse.osgi.framework.internal.reliablefile;x-internal:=true,org.eclipse.osgi.framework.log;version="1.1",org.eclipse.osgi.framework.util;x-internal:=true,org.eclipse.osgi.internal.debug;x-internal:=true,org.eclipse.osgi.internal.framework;x-internal:=true,org.eclipse.osgi.internal.hookregistry;x-friends:="org.eclipse.osgi.tests",org.eclipse.osgi.internal.loader;x-internal:=true,org.eclipse.osgi.internal.loader.buddy;x-internal:=true,org.eclipse.osgi.internal.loader.classpath;x-internal:=true,org.eclipse.osgi.internal.loader.sources;x-internal:=true,org.eclipse.osgi.internal.location;x-internal:=true,org.eclipse.osgi.internal.messages;x-internal:=true,org.eclipse.osgi.internal.provisional.service.security;version="1.0.0";x-friends:="org.eclipse.equinox.security.ui",org.eclipse.osgi.internal.provisional.verifier;x-friends:="org.eclipse.update.core,org.eclipse.ui.workbench,org.eclipse.equinox.p2.artifact.repository",org.eclipse.osgi.internal.service.security;x-friends:="org.eclipse.equinox.security.ui",org.eclipse.osgi.internal.serviceregistry;x-internal:=true,org.eclipse.osgi.internal.signedcontent;x-internal:=true,org.eclipse.osgi.internal.url;x-internal:=true,org.eclipse.osgi.launch;version="1.0",org.eclipse.osgi.report.resolution;version="1.0",org.eclipse.osgi.service.datalocation;version="1.3",org.eclipse.osgi.service.debug;version="1.2",org.eclipse.osgi.service.environment;version="1.3",org.eclipse.osgi.service.localization;version="1.1",org.eclipse.osgi.service.pluginconversion;version="1.0",org.eclipse.osgi.service.resolver;version="1.6",org.eclipse.osgi.service.runnable;version="1.1",org.eclipse.osgi.service.security;version="1.0",org.eclipse.osgi.service.urlconversion;version="1.0",org.eclipse.osgi.signedcontent;version="1.0",org.eclipse.osgi.storage;x-friends:="org.eclipse.osgi.tests",org.eclipse.osgi.storage.bundlefile;x-internal:=true,org.eclipse.osgi.storage.url.reference;x-internal:=true,org.eclipse.osgi.storagemanager;version="1.0",org.eclipse.osgi.util;version="1.1",org.osgi.dto;version="1.0",org.osgi.framework;version="1.8",org.osgi.framework.dto;version="1.8",org.osgi.framework.hooks.bundle;version="1.1",org.osgi.framework.hooks.resolver;version="1.0",org.osgi.framework.hooks.service;version="1.1",org.osgi.framework.hooks.weaving;version="1.1",org.osgi.framework.launch;version="1.2",org.osgi.framework.namespace;version="1.1",org.osgi.framework.startlevel;version="1.0",org.osgi.framework.startlevel.dto;version="1.0",org.osgi.framework.wiring;version="1.2",org.osgi.framework.wiring.dto;version="1.2",org.osgi.resource;version="1.0",org.osgi.resource.dto;version="1.0",org.osgi.service.condpermadmin;version="1.1.1",org.osgi.service.log;version="1.3",org.osgi.service.packageadmin;version="1.2",org.osgi.service.permissionadmin;version="1.2",org.osgi.service.resolver;version="1.0.1",org.osgi.service.startlevel;version="1.1",org.osgi.service.url;version="1.0",org.osgi.util.tracker;version="1.5.1"'/>
    <property name='sun.desktop' value='gnome'/>
    <property name='sun.cpu.isalist' value=''/>
  </properties>
  <bundles>
    <bundle version='3.10.100.v20150529-1857' location='System Bundle' bsn='org.eclipse.osgi' modified='2015-10-26T19:33:08' state='32' id='0'/>
    <bundle version='3.0.0.201508170645' location='reference:file:/home/eli/.bnd/cache/https%253A%252F%252Fraw.githubusercontent.com%252Fosgi%252Fosgi.enroute%252Fmaster%252Fcnf%252Fdistro%252Fbiz.aQute.tester/biz.aQute.tester-3.0.0.jar' bsn='biz.aQute.tester' modified='2015-10-26T19:33:08' state='32' id='1'/>
    <bundle version='2.2.0' location='reference:file:/home/eli/.bnd/shacache/shas/53200A9D80FFF3106DC435DE1350CDD20B757819/net.minidev.json-smart-2.2.0.jar' bsn='net.minidev.json-smart' modified='2015-10-26T19:33:08' state='32' id='2'/>
    <bundle version='1.8.6' location='reference:file:/home/eli/.bnd/cache/https%253A%252F%252Fraw.githubusercontent.com%252Fosgi%252Fosgi.enroute%252Fmaster%252Fcnf%252Fdistro%252Forg.apache.felix.configadmin/org.apache.felix.configadmin-1.8.6.jar' bsn='org.apache.felix.configadmin' modified='2015-10-26T19:33:08' state='32' id='3'/>
    <bundle version='0.14.0' location='reference:file:/home/eli/.bnd/cache/https%253A%252F%252Fraw.githubusercontent.com%252Fosgi%252Fosgi.enroute%252Fmaster%252Fcnf%252Fdistro%252Forg.apache.felix.gogo.command/org.apache.felix.gogo.command-0.14.0.jar' bsn='org.apache.felix.gogo.command' modified='2015-10-26T19:33:08' state='32' id='4'/>
    <bundle version='0.16.2' location='reference:file:/home/eli/.bnd/cache/https%253A%252F%252Fraw.githubusercontent.com%252Fosgi%252Fosgi.enroute%252Fmaster%252Fcnf%252Fdistro%252Forg.apache.felix.gogo.runtime/org.apache.felix.gogo.runtime-0.16.2.jar' bsn='org.apache.felix.gogo.runtime' modified='2015-10-26T19:33:08' state='32' id='5'/>
    <bundle version='0.10.0' location='reference:file:/home/eli/.bnd/cache/https%253A%252F%252Fraw.githubusercontent.com%252Fosgi%252Fosgi.enroute%252Fmaster%252Fcnf%252Fdistro%252Forg.apache.felix.gogo.shell/org.apache.felix.gogo.shell-0.10.0.jar' bsn='org.apache.felix.gogo.shell' modified='2015-10-26T19:33:08' state='32' id='6'/>
    <bundle version='1.0.1' location='reference:file:/home/eli/.bnd/cache/https%253A%252F%252Fraw.githubusercontent.com%252Fosgi%252Fosgi.enroute%252Fmaster%252Fcnf%252Fdistro%252Forg.apache.felix.log/org.apache.felix.log-1.0.1.jar' bsn='org.apache.felix.log' modified='2015-10-26T19:33:08' state='32' id='7'/>
    <bundle version='2.0.0' location='reference:file:/home/eli/.bnd/cache/https%253A%252F%252Fraw.githubusercontent.com%252Fosgi%252Fosgi.enroute%252Fmaster%252Fcnf%252Fdistro%252Forg.apache.felix.scr/org.apache.felix.scr-2.0.0.jar' bsn='org.apache.felix.scr' modified='2015-10-26T19:33:08' state='32' id='8'/>
    <bundle version='20070216.0.0.1' location='reference:file:/home/eli/.bnd/shacache/shas/3B100EE9FF904F0B63898D796FA47579D010D083/org.apache.servicemix.bundles.stax-utils-20070216.0.0.1.jar' bsn='org.apache.servicemix.bundles.stax-utils' modified='2015-10-26T19:33:08' state='32' id='9'/>
    <bundle version='1.4.100.v20150408-1437' location='reference:file:/home/eli/.bnd/cache/https%253A%252F%252Fraw.githubusercontent.com%252Fosgi%252Fosgi.enroute%252Fmaster%252Fcnf%252Fdistro%252Forg.eclipse.equinox.metatype/org.eclipse.equinox.metatype-1.4.100.jar' bsn='org.eclipse.equinox.metatype' modified='2015-10-26T19:33:08' state='32' id='10'/>
    <bundle version='1.3.0.201505202024' location='reference:file:/home/eli/.bnd/cache/https%253A%252F%252Fraw.githubusercontent.com%252Fosgi%252Fosgi.enroute%252Fmaster%252Fcnf%252Fdistro%252Forg.osgi.service.metatype/org.osgi.service.metatype-1.3.0.jar' bsn='org.osgi.service.metatype' modified='2015-10-26T19:33:08' state='32' id='11'/>
    <bundle version='1.3.0.201509161450' location='reference:file:/home/eli/.bnd/cache/https%253A%252F%252Fraw.githubusercontent.com%252Fosgi%252Fosgi.enroute%252Fmaster%252Fcnf%252Fdistro%252Fosgi.enroute.hamcrest.wrapper/osgi.enroute.hamcrest.wrapper-1.3.0.jar' bsn='osgi.enroute.hamcrest.wrapper' modified='2015-10-26T19:33:08' state='32' id='12'/>
    <bundle version='4.12.0.201509161450' location='reference:file:/home/eli/.bnd/cache/https%253A%252F%252Fraw.githubusercontent.com%252Fosgi%252Fosgi.enroute%252Fmaster%252Fcnf%252Fdistro%252Fosgi.enroute.junit.wrapper/osgi.enroute.junit.wrapper-4.12.0.jar' bsn='osgi.enroute.junit.wrapper' modified='2015-10-26T19:33:08' state='32' id='13'/>
    <bundle version='1.2.1.201510121300' location='reference:file:/home/eli/.bnd/cache/https%253A%252F%252Fraw.githubusercontent.com%252Fosgi%252Fosgi.enroute%252Fmaster%252Fcnf%252Fdistro%252Fosgi.enroute.logger.simple.provider/osgi.enroute.logger.simple.provider-1.2.1.jar' bsn='osgi.enroute.logger.simple.provider' modified='2015-10-26T19:33:08' state='32' id='14'/>
    <bundle version='1.0.0.201510251825' location='reference:file:/home/eli/workspaces/uk.co.strangeskies/cnf/release/uk.co.strangeskies.fx/uk.co.strangeskies.fx-1.0.0.jar' bsn='uk.co.strangeskies.fx' modified='2015-10-26T19:33:08' state='8' id='15'/>
    <bundle version='1.0.0.201510252142' location='reference:file:/home/eli/workspaces/uk.co.strangeskies/cnf/release/uk.co.strangeskies.mathematics/uk.co.strangeskies.mathematics-1.0.0.jar' bsn='uk.co.strangeskies.mathematics' modified='2015-10-26T19:33:08' state='8' id='16'/>
    <bundle version='1.0.0.201510261932' location='reference:file:/home/eli/workspaces/uk.co.strangeskies.modabi/uk.co.strangeskies.modabi.core.api/generated/uk.co.strangeskies.modabi.core.api.jar' bsn='uk.co.strangeskies.modabi.core.api' modified='2015-10-26T19:33:08' state='32' id='17'/>
    <bundle version='1.0.0.201510261932' location='reference:file:/home/eli/workspaces/uk.co.strangeskies.modabi/uk.co.strangeskies.modabi.core.provider/generated/uk.co.strangeskies.modabi.core.provider.jar' bsn='uk.co.strangeskies.modabi.core.provider' modified='2015-10-26T19:33:08' state='32' id='18'/>
    <bundle version='1.0.0.201510261932' location='reference:file:/home/eli/workspaces/uk.co.strangeskies.modabi/uk.co.strangeskies.modabi.io.json.provider/generated/uk.co.strangeskies.modabi.io.json.provider.jar' bsn='uk.co.strangeskies.modabi.io.json.provider' modified='2015-10-26T19:33:08' state='32' id='19'/>
    <bundle version='1.0.0.201510261932' location='reference:file:/home/eli/workspaces/uk.co.strangeskies.modabi/uk.co.strangeskies.modabi.io.xml.provider/generated/uk.co.strangeskies.modabi.io.xml.provider.jar' bsn='uk.co.strangeskies.modabi.io.xml.provider' modified='2015-10-26T19:33:08' state='32' id='20'/>
    <bundle version='1.0.0.201510251934' location='reference:file:/home/eli/workspaces/uk.co.strangeskies/cnf/release/uk.co.strangeskies.reflection/uk.co.strangeskies.reflection-1.0.0.jar' bsn='uk.co.strangeskies.reflection' modified='2015-10-26T19:33:08' state='8' id='21'/>
    <bundle version='1.0.0.201510251915' location='reference:file:/home/eli/workspaces/uk.co.strangeskies/cnf/release/uk.co.strangeskies.utilities/uk.co.strangeskies.utilities-1.0.0.jar' bsn='uk.co.strangeskies.utilities' modified='2015-10-26T19:33:08' state='8' id='22'/>
    <bundle version='1.0.0.201510251950' location='reference:file:/home/eli/workspaces/uk.co.strangeskies/cnf/release/uk.co.strangeskies.utilities.osgi.consolelog/uk.co.strangeskies.utilities.osgi.consolelog-1.0.0.jar' bsn='uk.co.strangeskies.utilities.osgi.consolelog' modified='2015-10-26T19:33:08' state='32' id='23'/>
    <bundle version='1.0.0.201510261932' location='reference:file:/home/eli/workspaces/uk.co.strangeskies.modabi/uk.co.strangeskies.modabi.core.test/generated/uk.co.strangeskies.modabi.core.test.jar' bsn='uk.co.strangeskies.modabi.core.test' modified='2015-10-26T19:33:08' state='32' target='true' id='24'/>
  </bundles>
  <testcase name='schemaManagerServiceTest' time='1.7' classname='uk.co.strangeskies.modabi.core.test.SchemaTest'>
    <error type='java.lang.AssertionError'><![CDATA[java.lang.AssertionError
 at org.junit.Assert.fail(Assert.java:86)
 at org.junit.Assert.assertTrue(Assert.java:41)
 at org.junit.Assert.assertNotNull(Assert.java:712)
 at org.junit.Assert.assertNotNull(Assert.java:722)
 at uk.co.strangeskies.modabi.core.test.SchemaTest.schemaManagerServiceTest(SchemaTest.java:69)
 at sun.reflect.NativeMethodAccessorImpl.invoke0(Native Method)
 at sun.reflect.NativeMethodAccessorImpl.invoke(NativeMethodAccessorImpl.java:62)
 at sun.reflect.DelegatingMethodAccessorImpl.invoke(DelegatingMethodAccessorImpl.java:43)
 at java.lang.reflect.Method.invoke(Method.java:497)
 at org.junit.runners.model.FrameworkMethod$1.runReflectiveCall(FrameworkMethod.java:50)
 at org.junit.internal.runners.model.ReflectiveCallable.run(ReflectiveCallable.java:12)
 at org.junit.runners.model.FrameworkMethod.invokeExplosively(FrameworkMethod.java:47)
 at org.junit.internal.runners.statements.InvokeMethod.evaluate(InvokeMethod.java:17)
 at org.junit.runners.ParentRunner.runLeaf(ParentRunner.java:325)
 at org.junit.runners.BlockJUnit4ClassRunner.runChild(BlockJUnit4ClassRunner.java:78)
 at org.junit.runners.BlockJUnit4ClassRunner.runChild(BlockJUnit4ClassRunner.java:57)
 at org.junit.runners.ParentRunner$3.run(ParentRunner.java:290)
 at org.junit.runners.ParentRunner$1.schedule(ParentRunner.java:71)
 at org.junit.runners.ParentRunner.runChildren(ParentRunner.java:288)
 at org.junit.runners.ParentRunner.access$000(ParentRunner.java:58)
 at org.junit.runners.ParentRunner$2.evaluate(ParentRunner.java:268)
 at org.junit.runners.ParentRunner.run(ParentRunner.java:363)
 at junit.framework.JUnit4TestAdapter.run(JUnit4TestAdapter.java:38)
 at junit.framework.TestSuite.runTest(TestSuite.java:252)
 at junit.framework.TestSuite.run(TestSuite.java:247)
 at aQute.junit.Activator.test(Activator.java:325)
 at aQute.junit.Activator.automatic(Activator.java:208)
 at aQute.junit.Activator.run(Activator.java:142)
 at aQute.launcher.Launcher$5.call(Launcher.java:1186)
 at aQute.launcher.Launcher$5.call(Launcher.java:1184)
 at aQute.launcher.Launcher.run(Launcher.java:277)
 at aQute.launcher.Launcher.main(Launcher.java:87)
]]>
    </error>
    <system-out>
      TEST1
testy
testy2
[1445887988538; ERROR  ; uk.co.strangeskies.modabi.core.provider_1.0.0.201510261932
       [18]] FrameworkEvent ERROR
[1445887988539; ERROR  ; org.eclipse.osgi_3.10.100.v20150529-1857
       [0]] FrameworkEvent ERROR
    </system-out>
  </testcase>
  <testcase name='schemaUnbindingTest' time='1.4' classname='uk.co.strangeskies.modabi.core.test.SchemaTest'>
    <error type='java.lang.NoClassDefFoundError'><![CDATA[java.lang.NoClassDefFoundError: uk/co/strangeskies/utilities/Copyable
 at java.lang.ClassLoader.defineClass1(Native Method)
 at java.lang.ClassLoader.defineClass(ClassLoader.java:760)
 at org.eclipse.osgi.internal.loader.ModuleClassLoader.defineClass(ModuleClassLoader.java:272)
 at org.eclipse.osgi.internal.loader.classpath.ClasspathManager.defineClass(ClasspathManager.java:632)
 at org.eclipse.osgi.internal.loader.classpath.ClasspathManager.findClassImpl(ClasspathManager.java:588)
 at org.eclipse.osgi.internal.loader.classpath.ClasspathManager.findLocalClassImpl(ClasspathManager.java:540)
 at org.eclipse.osgi.internal.loader.classpath.ClasspathManager.findLocalClass(ClasspathManager.java:527)
 at org.eclipse.osgi.internal.loader.ModuleClassLoader.findLocalClass(ModuleClassLoader.java:324)
 at org.eclipse.osgi.internal.loader.BundleLoader.findLocalClass(BundleLoader.java:327)
 at org.eclipse.osgi.internal.loader.BundleLoader.findClassInternal(BundleLoader.java:402)
 at org.eclipse.osgi.internal.loader.BundleLoader.findClass(BundleLoader.java:352)
 at org.eclipse.osgi.internal.loader.BundleLoader.findClass(BundleLoader.java:344)
 at org.eclipse.osgi.internal.loader.ModuleClassLoader.loadClass(ModuleClassLoader.java:160)
 at java.lang.ClassLoader.loadClass(ClassLoader.java:357)
 at uk.co.strangeskies.modabi.core.test.SchemaTest.schemaUnbindingTest(SchemaTest.java:82)
 at sun.reflect.NativeMethodAccessorImpl.invoke0(Native Method)
 at sun.reflect.NativeMethodAccessorImpl.invoke(NativeMethodAccessorImpl.java:62)
 at sun.reflect.DelegatingMethodAccessorImpl.invoke(DelegatingMethodAccessorImpl.java:43)
 at java.lang.reflect.Method.invoke(Method.java:497)
 at org.junit.runners.model.FrameworkMethod$1.runReflectiveCall(FrameworkMethod.java:50)
 at org.junit.internal.runners.model.ReflectiveCallable.run(ReflectiveCallable.java:12)
 at org.junit.runners.model.FrameworkMethod.invokeExplosively(FrameworkMethod.java:47)
 at org.junit.internal.runners.statements.InvokeMethod.evaluate(InvokeMethod.java:17)
 at org.junit.runners.ParentRunner.runLeaf(ParentRunner.java:325)
 at org.junit.runners.BlockJUnit4ClassRunner.runChild(BlockJUnit4ClassRunner.java:78)
 at org.junit.runners.BlockJUnit4ClassRunner.runChild(BlockJUnit4ClassRunner.java:57)
 at org.junit.runners.ParentRunner$3.run(ParentRunner.java:290)
 at org.junit.runners.ParentRunner$1.schedule(ParentRunner.java:71)
 at org.junit.runners.ParentRunner.runChildren(ParentRunner.java:288)
 at org.junit.runners.ParentRunner.access$000(ParentRunner.java:58)
 at org.junit.runners.ParentRunner$2.evaluate(ParentRunner.java:268)
 at org.junit.runners.ParentRunner.run(ParentRunner.java:363)
 at junit.framework.JUnit4TestAdapter.run(JUnit4TestAdapter.java:38)
 at junit.framework.TestSuite.runTest(TestSuite.java:252)
 at junit.framework.TestSuite.run(TestSuite.java:247)
 at aQute.junit.Activator.test(Activator.java:325)
 at aQute.junit.Activator.automatic(Activator.java:208)
 at aQute.junit.Activator.run(Activator.java:142)
 at aQute.launcher.Launcher$5.call(Launcher.java:1186)
 at aQute.launcher.Launcher$5.call(Launcher.java:1184)
 at aQute.launcher.Launcher.run(Launcher.java:277)
 at aQute.launcher.Launcher.main(Launcher.java:87)
Caused by: java.lang.ClassNotFoundException: uk.co.strangeskies.utilities.Copyable cannot be found by uk.co.strangeskies.modabi.core.api_1.0.0.201510261932
 at org.eclipse.osgi.internal.loader.BundleLoader.findClassInternal(BundleLoader.java:389)
 at org.eclipse.osgi.internal.loader.BundleLoader.findClass(BundleLoader.java:352)
 at org.eclipse.osgi.internal.loader.BundleLoader.findClass(BundleLoader.java:344)
 at org.eclipse.osgi.internal.loader.ModuleClassLoader.loadClass(ModuleClassLoader.java:160)
 at java.lang.ClassLoader.loadClass(ClassLoader.java:357)
 ... 42 more
]]>
    </error>
  </testcase>
  <testcase name='manualSchemaCreationTest' time='1.3' classname='uk.co.strangeskies.modabi.core.test.SchemaTest'>
    <error type='java.lang.NullPointerException'><![CDATA[java.lang.NullPointerException
 at uk.co.strangeskies.modabi.core.test.SchemaTest.manualSchemaCreationTest(SchemaTest.java:204)
 at sun.reflect.NativeMethodAccessorImpl.invoke0(Native Method)
 at sun.reflect.NativeMethodAccessorImpl.invoke(NativeMethodAccessorImpl.java:62)
 at sun.reflect.DelegatingMethodAccessorImpl.invoke(DelegatingMethodAccessorImpl.java:43)
 at java.lang.reflect.Method.invoke(Method.java:497)
 at org.junit.runners.model.FrameworkMethod$1.runReflectiveCall(FrameworkMethod.java:50)
 at org.junit.internal.runners.model.ReflectiveCallable.run(ReflectiveCallable.java:12)
 at org.junit.runners.model.FrameworkMethod.invokeExplosively(FrameworkMethod.java:47)
 at org.junit.internal.runners.statements.InvokeMethod.evaluate(InvokeMethod.java:17)
 at org.junit.runners.ParentRunner.runLeaf(ParentRunner.java:325)
 at org.junit.runners.BlockJUnit4ClassRunner.runChild(BlockJUnit4ClassRunner.java:78)
 at org.junit.runners.BlockJUnit4ClassRunner.runChild(BlockJUnit4ClassRunner.java:57)
 at org.junit.runners.ParentRunner$3.run(ParentRunner.java:290)
 at org.junit.runners.ParentRunner$1.schedule(ParentRunner.java:71)
 at org.junit.runners.ParentRunner.runChildren(ParentRunner.java:288)
 at org.junit.runners.ParentRunner.access$000(ParentRunner.java:58)
 at org.junit.runners.ParentRunner$2.evaluate(ParentRunner.java:268)
 at org.junit.runners.ParentRunner.run(ParentRunner.java:363)
 at junit.framework.JUnit4TestAdapter.run(JUnit4TestAdapter.java:38)
 at junit.framework.TestSuite.runTest(TestSuite.java:252)
 at junit.framework.TestSuite.run(TestSuite.java:247)
 at aQute.junit.Activator.test(Activator.java:325)
 at aQute.junit.Activator.automatic(Activator.java:208)
 at aQute.junit.Activator.run(Activator.java:142)
 at aQute.launcher.Launcher$5.call(Launcher.java:1186)
 at aQute.launcher.Launcher$5.call(Launcher.java:1184)
 at aQute.launcher.Launcher.run(Launcher.java:277)
 at aQute.launcher.Launcher.main(Launcher.java:87)
]]>
    </error>
  </testcase>
</testsuite>